\BOOKMARK [1][-]{section.1}{\376\377\000I\000n\000t\000r\000o\000d\000u\000c\000t\000i\000o\000n}{}% 1
\BOOKMARK [1][-]{section.2}{\376\377\000A\000b\000o\000u\000t\000\040\000t\000h\000e\000\040\000c\000o\000d\000e\000:\000\040}{}% 2
\BOOKMARK [1][-]{section.3}{\376\377\000D\000e\000l\000i\000v\000e\000r\000a\000b\000l\000e\000\040\000:\000\040\0001}{}% 3
\BOOKMARK [2][-]{subsection.3.1}{\376\377\000F\000u\000n\000c\000t\000i\000o\000n\000s\000:\000\040}{section.3}% 4
\BOOKMARK [2][-]{subsection.3.2}{\376\377\000R\000e\000s\000u\000l\000t\000s\000\040\000o\000f\000\040\000p\000l\000o\000t\000t\000i\000n\000g\000\040\000a\000n\000d\000\040\000h\000o\000w\000\040\000I\000\040\000I\000n\000t\000e\000r\000p\000r\000e\000t\000e\000d\000\040\000t\000h\000e\000m\000:\000\040}{section.3}% 5
\BOOKMARK [1][-]{section.4}{\376\377\000D\000e\000l\000i\000v\000e\000r\000a\000b\000l\000e\000\040\000:\000\040\0002\000\050\000L\000i\000m\000i\000t\000\040\000T\000e\000s\000t\000\040\000o\000v\000e\000r\000\040\000D\000e\000l\000i\000v\000e\000r\000a\000b\000l\000e\000\040\0001\000:\000\051}{}% 6
\BOOKMARK [2][-]{subsection.4.1}{\376\377\000F\000u\000n\000c\000t\000i\000o\000n\000s\000:\000\040}{section.4}% 7
\BOOKMARK [2][-]{subsection.4.2}{\376\377\000R\000e\000s\000u\000l\000t\000s\000\040\000o\000f\000\040\000p\000l\000o\000t\000t\000i\000n\000g\000\040\000a\000n\000d\000\040\000h\000o\000w\000\040\000I\000\040\000I\000n\000t\000e\000r\000p\000r\000e\000t\000e\000d\000\040\000t\000h\000e\000m\000:\000\040}{section.4}% 8
\BOOKMARK [1][-]{section.5}{\376\377\000D\000e\000l\000i\000v\000e\000r\000a\000b\000l\000e\000\040\000:\000\040\0003}{}% 9
\BOOKMARK [2][-]{subsection.5.1}{\376\377\000F\000u\000n\000c\000t\000i\000o\000n\000s\000:\000\040}{section.5}% 10
\BOOKMARK [2][-]{subsection.5.2}{\376\377\000R\000e\000s\000u\000l\000t\000s\000\040\000o\000f\000\040\000p\000l\000o\000t\000t\000i\000n\000g\000\040\000a\000n\000d\000\040\000h\000o\000w\000\040\000I\000\040\000I\000n\000t\000e\000r\000p\000r\000e\000t\000e\000d\000\040\000t\000h\000e\000m\000:\000\040}{section.5}% 11
\BOOKMARK [2][-]{subsection.5.3}{\376\377\000L\000i\000m\000i\000t\000\040\000T\000e\000s\000t\000\040\000o\000f\000\040\000D\000e\000l\000i\000v\000e\000r\000a\000b\000l\000e\000\040\0003\000:\000\040}{section.5}% 12
\BOOKMARK [1][-]{section.6}{\376\377\000D\000e\000l\000i\000v\000e\000r\000a\000b\000l\000e\000\040\0004\000:}{}% 13
\BOOKMARK [2][-]{subsection.6.1}{\376\377\000F\000u\000n\000c\000t\000i\000o\000n\000s\000:\000\040}{section.6}% 14
\BOOKMARK [2][-]{subsection.6.2}{\376\377\000R\000e\000s\000u\000l\000t\000s\000\040\000o\000f\000\040\000p\000l\000o\000t\000t\000i\000n\000g\000\040\000a\000n\000d\000\040\000h\000o\000w\000\040\000I\000\040\000I\000n\000t\000e\000r\000p\000r\000e\000t\000e\000d\000\040\000t\000h\000e\000m\000:\000\040}{section.6}% 15
\BOOKMARK [2][-]{subsection.6.3}{\376\377\000L\000i\000m\000i\000t\000\040\000T\000e\000s\000t\000\040\000o\000f\000\040\000D\000e\000l\000i\000v\000e\000r\000a\000b\000l\000e\000\040\0004\000:\000\040}{section.6}% 16
\BOOKMARK [1][-]{section.7}{\376\377\000D\000e\000l\000i\000v\000e\000r\000a\000b\000l\000e\000\040\0005\000:}{}% 17
\BOOKMARK [2][-]{subsection.7.1}{\376\377\000F\000u\000n\000c\000t\000i\000o\000n\000s\000:\000\040}{section.7}% 18
\BOOKMARK [2][-]{subsection.7.2}{\376\377\000R\000e\000s\000u\000l\000t\000s\000\040\000o\000f\000\040\000p\000l\000o\000t\000t\000i\000n\000g\000\040\000a\000n\000d\000\040\000h\000o\000w\000\040\000I\000\040\000I\000n\000t\000e\000r\000p\000r\000e\000t\000e\000d\000\040\000t\000h\000e\000m\000:\000\040}{section.7}% 19
\BOOKMARK [2][-]{subsection.7.3}{\376\377\000L\000i\000m\000i\000t\000\040\000t\000e\000s\000t\000\040\000o\000f\000\040\000D\000e\000l\000i\000v\000e\000r\000a\000b\000l\000e\000\040\0005\000:\000\040}{section.7}% 20
